20:31:29 - ERR - <module> - (TypeError("run_simple() got an unexpected keyword argument 'threading'"),)
20:32:35 - ERR - post - (TypeError("'module' object is not callable"),)
20:35:38 - ERR - post - (TypeError("'module' object is not callable"),)
20:35:39 - ERR - post - (TypeError("'module' object is not callable"),)
20:35:39 - ERR - post - (TypeError("'module' object is not callable"),)
20:35:40 - ERR - post - (TypeError("'module' object is not callable"),)
20:35:40 - ERR - post - (TypeError("'module' object is not callable"),)
20:35:40 - ERR - post - (TypeError("'module' object is not callable"),)
20:35:40 - ERR - post - (TypeError("'module' object is not callable"),)
20:35:40 - ERR - post - (TypeError("'module' object is not callable"),)
20:35:40 - ERR - post - (TypeError("'module' object is not callable"),)
20:35:48 - ERR - post - (TypeError("'module' object is not callable"),)
21:01:33 - ERR - post - (TypeError("'module' object is not callable"),)
21:05:10 - ERR - post - (TypeError("'module' object is not callable"),)
21:05:41 - ERR - getRecords - (ProgrammingError('invalid dsn: invalid connection option "name"\n'),)
21:05:41 - ERR - login - (UnboundLocalError("cannot access local variable 'cursor' where it is not associated with a value"),)
21:08:03 - ERR - getRecords - (ProgrammingError('invalid dsn: invalid connection option "name"\n'),)
21:08:03 - ERR - login - (UnboundLocalError("cannot access local variable 'cursor' where it is not associated with a value"),)
21:08:04 - ERR - getRecords - (ProgrammingError('invalid dsn: invalid connection option "name"\n'),)
21:08:04 - ERR - login - (UnboundLocalError("cannot access local variable 'cursor' where it is not associated with a value"),)
21:09:23 - ERR - getRecords - (UnicodeDecodeError('utf-8', b'connection to server at "localhost" (::1), port 5432 failed: FATAL:  no existe la base de datos \xabpractica\xbb\n', 96, 97, 'invalid start byte'),)
21:18:08 - ERR - login - (TypeError("'NoneType' object is not subscriptable"),)
21:20:21 - ERR - login - (TypeError('can only concatenate str (not "NoneType") to str'),)
