00:56:10 - ERR - post - (<BadRequest '400: Bad Request'>,)
00:57:19 - ERR - post - (<BadRequest '400: Bad Request'>,)
00:57:19 - ERR - post - (<BadRequest '400: Bad Request'>,)
00:57:20 - ERR - post - (<BadRequest '400: Bad Request'>,)
00:57:30 - ERR - post - (<BadRequest '400: Bad Request'>,)
00:57:31 - ERR - post - (<BadRequest '400: Bad Request'>,)
00:57:31 - ERR - post - (<BadRequest '400: Bad Request'>,)
00:57:31 - ERR - post - (<BadRequest '400: Bad Request'>,)
00:57:32 - ERR - post - (<BadRequest '400: Bad Request'>,)
00:57:32 - ERR - post - (<BadRequest '400: Bad Request'>,)
01:02:06 - ERR - TokenValidate - ("type object 'Parametros' has no attribute 'secret_jwt'",)
01:03:27 - ERR - TokenValidate - ("type object 'Parametros' has no attribute 'secret_jwt'",)
01:06:00 - ERR - TokenValidate - ("type object 'Parametros' has no attribute 'secret_jwt'",)
01:06:01 - ERR - TokenValidate - ("type object 'Parametros' has no attribute 'secret_jwt'",)
01:07:45 - ERR - TokenValidate - ("type object 'Parametros' has no attribute 'secret_jwt'",)
01:08:44 - ERR - TokenValidate - ('Signature verification failed',)
01:08:45 - ERR - TokenValidate - ('Signature verification failed',)
01:26:32 - ERR - post - ('Error en el método: 400 Bad Request: Failed to decode JSON object: Expecting value: line 1 column 1 (char 0)',)
01:27:08 - ERR - post - ('Error en el método: 400 Bad Request: Failed to decode JSON object: Expecting value: line 1 column 1 (char 0)',)
01:28:52 - ERR - TokenValidate - ('Not enough segments',)
01:29:03 - ERR - TokenValidate - ('Not enough segments',)
01:29:55 - ERR - TokenValidate - ('Not enough segments',)
01:31:06 - ERR - TokenValidate - ('Not enough segments',)
01:31:10 - ERR - TokenValidate - ('Not enough segments',)
01:31:10 - ERR - TokenValidate - ('Not enough segments',)
01:31:19 - ERR - TokenValidate - ('Not enough segments',)
01:31:19 - ERR - TokenValidate - ('Not enough segments',)
01:31:23 - ERR - TokenValidate - ('Not enough segments',)
01:31:23 - ERR - TokenValidate - ('Not enough segments',)
01:31:31 - ERR - TokenValidate - ('Not enough segments',)
01:31:33 - ERR - TokenValidate - ('Not enough segments',)
01:31:33 - ERR - TokenValidate - ('Not enough segments',)
01:31:42 - ERR - TokenValidate - ('Not enough segments',)
01:32:00 - ERR - TokenValidate - ('Not enough segments',)
01:32:00 - ERR - TokenValidate - ('Not enough segments',)
01:32:25 - ERR - TokenValidate - ('Not enough segments',)
01:32:25 - ERR - TokenValidate - ('Not enough segments',)
01:32:26 - ERR - TokenValidate - ('Not enough segments',)
01:32:26 - ERR - TokenValidate - ('Not enough segments',)
01:32:27 - ERR - TokenValidate - ('Not enough segments',)
01:32:27 - ERR - TokenValidate - ('Not enough segments',)
01:32:41 - ERR - TokenValidate - ('Not enough segments',)
01:32:41 - ERR - TokenValidate - ('Not enough segments',)
01:32:57 - ERR - TokenValidate - ('Not enough segments',)
01:32:57 - ERR - TokenValidate - ('Not enough segments',)
01:32:57 - ERR - TokenValidate - ('Not enough segments',)
01:33:27 - ERR - TokenValidate - ('Not enough segments',)
01:33:44 - ERR - post - ('Falta el token en la solicitud',)
01:33:44 - ERR - post - ('Falta el token en la solicitud',)
01:34:24 - ERR - post - ('Falta el token en la solicitud',)
01:35:00 - ERR - post - ('Falta el token en la solicitud',)
01:36:48 - ERR - post - ('Falta el token en la solicitud',)
01:37:20 - ERR - post - ('Falta el token en la solicitud',)
01:37:56 - ERR - post - ('Falta el token en la solicitud',)
01:38:58 - ERR - post - ('Falta el token en la solicitud',)
01:39:28 - ERR - post - ('Falta el token en la solicitud',)
01:39:55 - ERR - post - ('Falta el token en la solicitud',)
01:40:18 - ERR - post - ('Falta el token en la solicitud',)
01:40:37 - ERR - post - ('Falta el token en la solicitud',)
01:40:37 - ERR - post - ('Falta el token en la solicitud',)
01:41:21 - ERR - TokenValidate - ('Not enough segments',)
01:42:21 - ERR - post - ('Falta el token en la solicitud',)
01:42:30 - ERR - post - ('Falta el token en la solicitud',)
01:42:30 - ERR - post - ('Falta el token en la solicitud',)
