20:31:29 - INF - <module> - ('Servicio Iniciado',)
20:31:29 - INF - <module> - ('Servicio Finalizado',)
20:32:14 - INF - <module> - ('Servicio Iniciado',)
20:32:15 - INF - <module> - ('Servicio Iniciado',)
20:32:35 - INF - post - ('Servicio Iniciado',)
20:33:21 - INF - <module> - ('Servicio Finalizado',)
20:33:21 - INF - <module> - ('Servicio Finalizado',)
20:35:33 - INF - <module> - ('Servicio Iniciado',)
20:35:34 - INF - <module> - ('Servicio Iniciado',)
20:35:38 - INF - post - ('Servicio Iniciado',)
20:35:39 - INF - post - ('Servicio Iniciado',)
20:35:39 - INF - post - ('Servicio Iniciado',)
20:35:40 - INF - post - ('Servicio Iniciado',)
20:35:40 - INF - post - ('Servicio Iniciado',)
20:35:40 - INF - post - ('Servicio Iniciado',)
20:35:40 - INF - post - ('Servicio Iniciado',)
20:35:40 - INF - post - ('Servicio Iniciado',)
20:35:40 - INF - post - ('Servicio Iniciado',)
20:35:48 - INF - post - ('Servicio Iniciado',)
20:37:16 - INF - <module> - ('Servicio Finalizado',)
20:37:16 - INF - <module> - ('Servicio Finalizado',)
21:01:21 - INF - <module> - ('Servicio Iniciado',)
21:01:22 - INF - <module> - ('Servicio Iniciado',)
21:01:33 - INF - post - ('Servicio Iniciado',)
21:02:50 - INF - <module> - ('Servicio Finalizado',)
21:02:51 - INF - <module> - ('Servicio Iniciado',)
21:04:47 - INF - <module> - ('Servicio Finalizado',)
21:04:48 - INF - <module> - ('Servicio Iniciado',)
21:04:59 - INF - <module> - ('Servicio Finalizado',)
21:04:59 - INF - <module> - ('Servicio Finalizado',)
21:05:00 - INF - <module> - ('Servicio Iniciado',)
21:05:01 - INF - <module> - ('Servicio Iniciado',)
21:05:10 - INF - post - ('Servicio Iniciado',)
21:05:27 - INF - <module> - ('Servicio Finalizado',)
21:05:28 - INF - <module> - ('Servicio Iniciado',)
21:05:35 - INF - <module> - ('Servicio Finalizado',)
21:05:36 - INF - <module> - ('Servicio Iniciado',)
21:05:37 - INF - <module> - ('Servicio Finalizado',)
21:05:37 - INF - <module> - ('Servicio Finalizado',)
21:05:39 - INF - <module> - ('Servicio Iniciado',)
21:05:40 - INF - <module> - ('Servicio Iniciado',)
21:05:41 - INF - post - ('Servicio Iniciado',)
21:07:56 - INF - <module> - ('Servicio Finalizado',)
21:07:57 - INF - <module> - ('Servicio Iniciado',)
21:08:03 - INF - post - ('Servicio Iniciado',)
21:08:04 - INF - post - ('Servicio Iniciado',)
21:09:06 - INF - <module> - ('Servicio Finalizado',)
21:09:07 - INF - <module> - ('Servicio Iniciado',)
21:09:11 - INF - <module> - ('Servicio Finalizado',)
21:09:11 - INF - <module> - ('Servicio Finalizado',)
21:09:12 - INF - <module> - ('Servicio Iniciado',)
21:09:13 - INF - <module> - ('Servicio Iniciado',)
21:09:23 - INF - post - ('Servicio Iniciado',)
21:10:01 - INF - <module> - ('Servicio Finalizado',)
21:10:01 - INF - <module> - ('Servicio Finalizado',)
21:10:03 - INF - <module> - ('Servicio Iniciado',)
21:10:04 - INF - <module> - ('Servicio Iniciado',)
21:10:13 - INF - post - ('Servicio Iniciado',)
21:10:40 - INF - <module> - ('Servicio Finalizado',)
21:10:41 - INF - <module> - ('Servicio Iniciado',)
21:14:06 - INF - post - ('Servicio Iniciado',)
21:14:14 - INF - post - ('Servicio Iniciado',)
21:17:45 - INF - <module> - ('Servicio Finalizado',)
21:17:46 - INF - <module> - ('Servicio Iniciado',)
21:18:03 - INF - <module> - ('Servicio Finalizado',)
21:18:03 - INF - <module> - ('Servicio Finalizado',)
21:18:04 - INF - <module> - ('Servicio Iniciado',)
21:18:05 - INF - <module> - ('Servicio Iniciado',)
21:18:08 - INF - post - ('Servicio Iniciado',)
21:18:17 - INF - <module> - ('Servicio Finalizado',)
21:18:17 - INF - <module> - ('Servicio Finalizado',)
21:19:18 - INF - <module> - ('Servicio Iniciado',)
21:19:19 - INF - <module> - ('Servicio Iniciado',)
21:19:22 - INF - post - ('Servicio Iniciado',)
21:20:15 - INF - <module> - ('Servicio Finalizado',)
21:20:16 - INF - <module> - ('Servicio Iniciado',)
21:20:17 - INF - <module> - ('Servicio Finalizado',)
21:20:17 - INF - <module> - ('Servicio Finalizado',)
21:20:18 - INF - <module> - ('Servicio Iniciado',)
21:20:19 - INF - <module> - ('Servicio Iniciado',)
21:20:21 - INF - post - ('Servicio Iniciado',)
21:20:29 - INF - <module> - ('Servicio Finalizado',)
21:20:31 - INF - <module> - ('Servicio Iniciado',)
21:20:31 - INF - post - ('Servicio Iniciado',)
21:20:32 - INF - login - ('Datos: None',)
21:20:57 - INF - <module> - ('Servicio Finalizado',)
21:20:57 - INF - <module> - ('Servicio Iniciado',)
21:24:37 - INF - <module> - ('Servicio Finalizado',)
21:24:37 - INF - <module> - ('Servicio Finalizado',)
21:24:39 - INF - <module> - ('Servicio Iniciado',)
21:24:40 - INF - <module> - ('Servicio Iniciado',)
21:24:42 - INF - post - ('Servicio Iniciado',)
21:24:44 - INF - post - ('Servicio Iniciado',)
21:24:44 - INF - post - ('Servicio Iniciado',)
21:25:22 - INF - <module> - ('Servicio Finalizado',)
21:25:22 - INF - <module> - ('Servicio Finalizado',)
21:25:23 - INF - <module> - ('Servicio Iniciado',)
21:25:24 - INF - <module> - ('Servicio Iniciado',)
21:25:25 - INF - post - ('Servicio Iniciado',)
21:25:26 - INF - post - ('Servicio Iniciado',)
21:26:34 - INF - <module> - ('Servicio Finalizado',)
21:26:35 - INF - <module> - ('Servicio Iniciado',)
21:26:36 - INF - <module> - ('Servicio Finalizado',)
21:26:36 - INF - <module> - ('Servicio Finalizado',)
21:26:38 - INF - <module> - ('Servicio Iniciado',)
21:26:38 - INF - <module> - ('Servicio Iniciado',)
21:26:40 - INF - post - ('Servicio Iniciado',)
21:26:41 - INF - post - ('Servicio Iniciado',)
21:26:51 - INF - post - ('Servicio Iniciado',)
21:32:48 - INF - <module> - ('Servicio Finalizado',)
21:32:49 - INF - <module> - ('Servicio Iniciado',)
21:32:50 - INF - <module> - ('Servicio Finalizado',)
21:32:50 - INF - <module> - ('Servicio Finalizado',)
21:32:52 - INF - <module> - ('Servicio Iniciado',)
21:32:53 - INF - <module> - ('Servicio Iniciado',)
21:33:01 - INF - post - ('Servicio Iniciado',)
21:33:01 - INF - login - ('adminadmin123',)
21:33:21 - INF - <module> - ('Servicio Finalizado',)
21:33:22 - INF - <module> - ('Servicio Iniciado',)
21:33:23 - INF - post - ('Servicio Iniciado',)
21:33:23 - INF - login - ('admin admin123',)
21:36:45 - INF - <module> - ('Servicio Finalizado',)
21:36:46 - INF - <module> - ('Servicio Iniciado',)
21:38:18 - INF - <module> - ('Servicio Finalizado',)
21:38:19 - INF - <module> - ('Servicio Iniciado',)
21:38:48 - INF - <module> - ('Servicio Finalizado',)
21:38:49 - INF - <module> - ('Servicio Iniciado',)
21:38:50 - INF - <module> - ('Servicio Finalizado',)
21:38:50 - INF - <module> - ('Servicio Finalizado',)
21:38:51 - INF - <module> - ('Servicio Iniciado',)
21:38:52 - INF - <module> - ('Servicio Iniciado',)
21:38:58 - INF - post - ('Servicio Iniciado',)
21:38:58 - INF - login - ('admin admin123',)
21:39:08 - INF - post - ('Servicio Iniciado',)
21:39:09 - INF - login - ('admin admin1233',)
21:39:16 - INF - post - ('Servicio Iniciado',)
21:39:16 - INF - login - ('admin admin123',)
21:39:58 - INF - <module> - ('Servicio Finalizado',)
21:39:59 - INF - <module> - ('Servicio Iniciado',)
21:40:03 - INF - post - ('Servicio Iniciado',)
21:40:13 - INF - <module> - ('Servicio Finalizado',)
21:40:14 - INF - <module> - ('Servicio Iniciado',)
21:40:30 - INF - post - ('Servicio Iniciado',)
21:44:02 - INF - <module> - ('Servicio Finalizado',)
21:44:02 - INF - <module> - ('Servicio Finalizado',)
