00:03:25 - INF - <module> - ('Servicio Iniciado',)
00:03:26 - INF - <module> - ('Servicio Iniciado',)
00:03:29 - INF - post - ('Ejecutando servicio de Login',)
00:03:34 - INF - post - ('Ejecutando servicio de Login',)
00:04:54 - INF - post - ('Ejecutando servicio de Login',)
00:07:28 - INF - post - ('Ejecutando servicio de Login',)
00:09:39 - INF - <module> - ('Servicio Finalizado',)
00:09:41 - INF - <module> - ('Servicio Iniciado',)
00:09:56 - INF - post - ('Ejecutando servicio de Login',)
00:12:52 - INF - post - ('Ejecutando servicio de Login',)
00:13:09 - INF - post - ('Ejecutando servicio de Login',)
00:13:19 - INF - post - ('Ejecutando servicio de Login',)
00:13:51 - INF - post - ('Ejecutando servicio de Login',)
00:24:44 - INF - post - ('Ejecutando servicio de Login',)
00:25:12 - INF - post - ('Ejecutando servicio de Login',)
00:25:32 - INF - post - ('Ejecutando servicio de Login',)
00:26:14 - INF - post - ('Ejecutando servicio de Login',)
00:32:29 - INF - <module> - ('Servicio Finalizado',)
00:32:30 - INF - <module> - ('Servicio Finalizado',)
00:34:35 - INF - <module> - ('Servicio Iniciado',)
00:34:36 - INF - <module> - ('Servicio Iniciado',)
00:34:38 - INF - post - ('Ejecutando servicio de Login',)
00:34:40 - INF - post - ('Ejecutando servicio de Login',)
00:34:48 - INF - post - ('Ejecutando servicio de Login',)
00:35:25 - INF - <module> - ('Servicio Finalizado',)
00:35:26 - INF - <module> - ('Servicio Iniciado',)
00:35:34 - INF - post - ('Ejecutando servicio de Login',)
00:37:14 - INF - post - ('Ejecutando servicio de Login',)
00:37:32 - INF - <module> - ('Servicio Finalizado',)
00:37:34 - INF - <module> - ('Servicio Iniciado',)
00:37:36 - INF - post - ('Ejecutando servicio de Login',)
00:38:40 - INF - <module> - ('Servicio Finalizado',)
00:38:42 - INF - <module> - ('Servicio Iniciado',)
00:38:45 - INF - post - ('Ejecutando servicio de Login',)
00:38:54 - INF - post - ('Ejecutando servicio de Login',)
00:45:44 - INF - <module> - ('Servicio Finalizado',)
00:45:44 - INF - <module> - ('Servicio Finalizado',)
00:45:46 - INF - <module> - ('Servicio Iniciado',)
00:45:48 - INF - <module> - ('Servicio Iniciado',)
00:50:09 - INF - post - ('Ejecutando servicio de Login',)
00:53:38 - INF - <module> - ('Servicio Finalizado',)
00:53:38 - INF - <module> - ('Servicio Finalizado',)
00:53:39 - INF - <module> - ('Servicio Iniciado',)
00:53:41 - INF - <module> - ('Servicio Iniciado',)
00:54:34 - INF - <module> - ('Servicio Finalizado',)
00:54:36 - INF - <module> - ('Servicio Iniciado',)
00:55:01 - INF - <module> - ('Servicio Finalizado',)
00:55:02 - INF - <module> - ('Servicio Finalizado',)
00:55:14 - INF - <module> - ('Servicio Iniciado',)
00:55:15 - INF - <module> - ('Servicio Iniciado',)
00:56:10 - INF - post - ('Ejecutando servicio de validación de token',)
00:57:19 - INF - post - ('Ejecutando servicio de validación de token',)
00:57:19 - INF - post - ('Ejecutando servicio de validación de token',)
00:57:20 - INF - post - ('Ejecutando servicio de validación de token',)
00:57:30 - INF - post - ('Ejecutando servicio de validación de token',)
00:57:31 - INF - post - ('Ejecutando servicio de validación de token',)
00:57:31 - INF - post - ('Ejecutando servicio de validación de token',)
00:57:31 - INF - post - ('Ejecutando servicio de validación de token',)
00:57:32 - INF - post - ('Ejecutando servicio de validación de token',)
00:57:32 - INF - post - ('Ejecutando servicio de validación de token',)
00:58:31 - INF - post - ('Ejecutando servicio de validación de token',)
00:58:40 - INF - post - ('Ejecutando servicio de validación de token',)
01:00:14 - INF - post - ('Ejecutando servicio de validación de token',)
01:00:34 - INF - post - ('Ejecutando servicio de validación de token',)
01:02:06 - INF - post - ('Ejecutando servicio de validación de token',)
01:02:06 - INF - TokenValidate - ('Error al validar el token',)
01:03:17 - INF - post - ('Ejecutando servicio de Login',)
01:03:27 - INF - post - ('Ejecutando servicio de validación de token',)
01:03:27 - INF - TokenValidate - ('Error al validar el token',)
01:05:03 - INF - <module> - ('Servicio Finalizado',)
01:05:04 - INF - <module> - ('Servicio Finalizado',)
01:05:55 - INF - <module> - ('Servicio Iniciado',)
01:05:56 - INF - <module> - ('Servicio Iniciado',)
01:06:00 - INF - post - ('Ejecutando servicio de validación de token',)
01:06:00 - INF - TokenValidate - ('Error al validar el token',)
01:06:01 - INF - post - ('Ejecutando servicio de validación de token',)
01:06:01 - INF - TokenValidate - ('Error al validar el token',)
01:07:25 - INF - <module> - ('Servicio Finalizado',)
01:07:26 - INF - <module> - ('Servicio Iniciado',)
01:07:28 - INF - <module> - ('Servicio Finalizado',)
01:07:28 - INF - <module> - ('Servicio Finalizado',)
01:07:30 - INF - <module> - ('Servicio Iniciado',)
01:07:31 - INF - <module> - ('Servicio Iniciado',)
01:07:34 - INF - post - ('Ejecutando servicio de Login',)
01:07:45 - INF - post - ('Ejecutando servicio de validación de token',)
01:07:45 - INF - post - ('Token recibido: eyJhbGciOiJIUzI1NiIsInR5cCI6IkpXVCJ9.eyJ1c3VhcmlvX2lkIjozLCJleHAiOjE3MjIzMjMyNTR9.jdDhlo5EA5TdAfBQYXW2c4uI6n68sbLRH_KUsFFEHaY',)
01:07:45 - INF - TokenValidate - ('Error al validar el token',)
01:07:45 - INF - post - ('Token válido: False',)
01:08:22 - INF - <module> - ('Servicio Finalizado',)
01:08:24 - INF - <module> - ('Servicio Iniciado',)
01:08:25 - INF - <module> - ('Servicio Finalizado',)
01:08:26 - INF - <module> - ('Servicio Iniciado',)
01:08:27 - INF - <module> - ('Servicio Finalizado',)
01:08:27 - INF - <module> - ('Servicio Finalizado',)
01:08:29 - INF - <module> - ('Servicio Iniciado',)
01:08:30 - INF - <module> - ('Servicio Iniciado',)
01:08:34 - INF - post - ('Ejecutando servicio de Login',)
01:08:44 - INF - post - ('Ejecutando servicio de validación de token',)
01:08:44 - INF - post - ('Token recibido: eyJhbGciOiJIUzI1NiIsInR5cCI6IkpXVCJ9.eyJ1c3VhcmlvX2lkIjozLCJleHAiOjE3MjIzMjMzMTR9.Zp7hhbRULVvhGTgj9z2XqDKMw5p5E15C_4y9laOZP9w',)
01:08:44 - INF - TokenValidate - ('Error al validar el token',)
01:08:44 - INF - post - ('Token válido: False',)
01:08:45 - INF - post - ('Ejecutando servicio de validación de token',)
01:08:45 - INF - post - ('Token recibido: eyJhbGciOiJIUzI1NiIsInR5cCI6IkpXVCJ9.eyJ1c3VhcmlvX2lkIjozLCJleHAiOjE3MjIzMjMzMTR9.Zp7hhbRULVvhGTgj9z2XqDKMw5p5E15C_4y9laOZP9w',)
01:08:45 - INF - TokenValidate - ('Error al validar el token',)
01:08:45 - INF - post - ('Token válido: False',)
01:10:31 - INF - post - ('Ejecutando servicio de Login',)
01:11:47 - INF - <module> - ('Servicio Finalizado',)
01:11:48 - INF - <module> - ('Servicio Iniciado',)
01:13:02 - INF - <module> - ('Servicio Finalizado',)
01:13:04 - INF - <module> - ('Servicio Iniciado',)
01:13:11 - INF - <module> - ('Servicio Finalizado',)
01:13:12 - INF - <module> - ('Servicio Iniciado',)
01:13:22 - INF - <module> - ('Servicio Finalizado',)
01:13:23 - INF - <module> - ('Servicio Iniciado',)
01:14:00 - INF - <module> - ('Servicio Finalizado',)
01:14:00 - INF - <module> - ('Servicio Finalizado',)
01:14:33 - INF - <module> - ('Servicio Iniciado',)
01:14:35 - INF - <module> - ('Servicio Iniciado',)
01:14:38 - INF - post - ('Ejecutando servicio de Login',)
01:14:56 - INF - post - ('Ejecutando servicio de validación de token',)
01:14:56 - INF - post - ('Token recibido: eyJhbGciOiJIUzI1NiIsInR5cCI6IkpXVCJ9.eyJpYXQiOjE3MjIzMjAwODIsImV4cCI6MTcyMjMyMzY4MiwidXNlcm5hbWUiOiJzZXJnaW8uZ3VlcnJhIiwicGFzcyI6InNlcmdpb3Bhc3N3b3JkIn0.939anQTgmhuceKkJT6sfw0hzG9o3MPXGYSmfaPZ6zxc',)
01:14:56 - INF - post - ('Token válido: True',)
01:15:12 - INF - post - ('Ejecutando servicio de Login',)
01:16:49 - INF - post - ('Ejecutando servicio de Login',)
01:16:51 - INF - post - ('Ejecutando servicio de Login',)
01:16:52 - INF - post - ('Ejecutando servicio de Login',)
01:16:52 - INF - post - ('Ejecutando servicio de Login',)
01:16:53 - INF - post - ('Ejecutando servicio de Login',)
01:17:27 - INF - post - ('Ejecutando servicio de Login',)
01:18:39 - INF - post - ('Ejecutando servicio de Login',)
01:20:03 - INF - post - ('Ejecutando servicio de Login',)
01:20:38 - INF - post - ('Ejecutando servicio de Login',)
01:20:52 - INF - post - ('Ejecutando servicio de Login',)
01:21:18 - INF - post - ('Ejecutando servicio de Login',)
01:21:25 - INF - post - ('Ejecutando servicio de Login',)
01:22:14 - INF - post - ('Ejecutando servicio de Login',)
01:22:42 - INF - post - ('Ejecutando servicio de Login',)
01:23:34 - INF - post - ('Ejecutando servicio de Login',)
01:24:10 - INF - post - ('Ejecutando servicio de Login',)
01:24:18 - INF - post - ('Ejecutando servicio de Login',)
01:26:02 - INF - post - ('Ejecutando servicio de Login',)
01:26:32 - INF - post - ('Ejecutando servicio de validación de token',)
01:26:56 - INF - post - ('Ejecutando servicio de Login',)
01:27:08 - INF - post - ('Ejecutando servicio de validación de token',)
01:28:06 - INF - post - ('Ejecutando servicio de Login',)
01:28:52 - INF - post - ('Ejecutando servicio de validación de token',)
01:28:52 - INF - post - ('Token recibido: undefined',)
01:28:52 - INF - TokenValidate - ('Error al validar el token',)
01:28:52 - INF - post - ('Token válido: False',)
01:28:55 - INF - post - ('Ejecutando servicio de Login',)
01:29:03 - INF - post - ('Ejecutando servicio de validación de token',)
01:29:03 - INF - post - ('Token recibido: undefined',)
01:29:03 - INF - TokenValidate - ('Error al validar el token',)
01:29:03 - INF - post - ('Token válido: False',)
01:29:49 - INF - post - ('Ejecutando servicio de Login',)
01:29:55 - INF - post - ('Ejecutando servicio de validación de token',)
01:29:55 - INF - post - ('Token recibido: undefined',)
01:29:55 - INF - TokenValidate - ('Error al validar el token',)
01:29:55 - INF - post - ('Token válido: False',)
01:30:53 - INF - post - ('Ejecutando servicio de Login',)
01:31:06 - INF - post - ('Ejecutando servicio de validación de token',)
01:31:06 - INF - post - ('Token recibido: undefined',)
01:31:06 - INF - TokenValidate - ('Error al validar el token',)
01:31:06 - INF - post - ('Token válido: False',)
01:31:10 - INF - post - ('Ejecutando servicio de validación de token',)
01:31:10 - INF - post - ('Token recibido: undefined',)
01:31:10 - INF - TokenValidate - ('Error al validar el token',)
01:31:10 - INF - post - ('Ejecutando servicio de validación de token',)
01:31:10 - INF - post - ('Token recibido: undefined',)
01:31:10 - INF - TokenValidate - ('Error al validar el token',)
01:31:10 - INF - post - ('Token válido: False',)
01:31:10 - INF - post - ('Token válido: False',)
01:31:19 - INF - post - ('Ejecutando servicio de validación de token',)
01:31:19 - INF - post - ('Token recibido: undefined',)
01:31:19 - INF - TokenValidate - ('Error al validar el token',)
01:31:19 - INF - post - ('Token válido: False',)
01:31:19 - INF - post - ('Ejecutando servicio de validación de token',)
01:31:19 - INF - post - ('Token recibido: undefined',)
01:31:19 - INF - TokenValidate - ('Error al validar el token',)
01:31:19 - INF - post - ('Token válido: False',)
01:31:23 - INF - post - ('Ejecutando servicio de validación de token',)
01:31:23 - INF - post - ('Ejecutando servicio de validación de token',)
01:31:23 - INF - post - ('Token recibido: undefined',)
01:31:23 - INF - post - ('Token recibido: undefined',)
01:31:23 - INF - TokenValidate - ('Error al validar el token',)
01:31:23 - INF - TokenValidate - ('Error al validar el token',)
01:31:23 - INF - post - ('Token válido: False',)
01:31:23 - INF - post - ('Token válido: False',)
01:31:31 - INF - post - ('Ejecutando servicio de validación de token',)
01:31:31 - INF - post - ('Token recibido: undefined',)
01:31:31 - INF - TokenValidate - ('Error al validar el token',)
01:31:31 - INF - post - ('Token válido: False',)
01:31:33 - INF - post - ('Ejecutando servicio de validación de token',)
01:31:33 - INF - post - ('Ejecutando servicio de validación de token',)
01:31:33 - INF - post - ('Token recibido: undefined',)
01:31:33 - INF - post - ('Token recibido: undefined',)
01:31:33 - INF - TokenValidate - ('Error al validar el token',)
01:31:33 - INF - TokenValidate - ('Error al validar el token',)
01:31:33 - INF - post - ('Token válido: False',)
01:31:33 - INF - post - ('Token válido: False',)
01:31:42 - INF - post - ('Ejecutando servicio de validación de token',)
01:31:42 - INF - post - ('Token recibido: undefined',)
01:31:42 - INF - TokenValidate - ('Error al validar el token',)
01:31:42 - INF - post - ('Token válido: False',)
01:32:00 - INF - post - ('Ejecutando servicio de validación de token',)
01:32:00 - INF - post - ('Ejecutando servicio de validación de token',)
01:32:00 - INF - post - ('Token recibido: undefined',)
01:32:00 - INF - TokenValidate - ('Error al validar el token',)
01:32:00 - INF - post - ('Token recibido: undefined',)
01:32:00 - INF - TokenValidate - ('Error al validar el token',)
01:32:00 - INF - post - ('Token válido: False',)
01:32:00 - INF - post - ('Token válido: False',)
01:32:25 - INF - post - ('Ejecutando servicio de validación de token',)
01:32:25 - INF - post - ('Token recibido: undefined',)
01:32:25 - INF - post - ('Ejecutando servicio de validación de token',)
01:32:25 - INF - post - ('Token recibido: undefined',)
oken',)
01:32:25 - INF - TokenValidate - ('Error al validar el token',)
01:32:25 - INF - post - ('Token válido: False',)
01:32:25 - INF - post - ('Token válido: False',)
01:32:26 - INF - post - ('Ejecutando servicio de validación de token',)
01:32:26 - INF - post - ('Token recibido: undefined',)
01:32:26 - INF - post - ('Ejecutando servicio de validación de token',)
01:32:26 - INF - TokenValidate - ('Error al validar el token',)
01:32:26 - INF - post - ('Token recibido: undefined',)
01:32:26 - INF - TokenValidate - ('Error al validar el token',)
01:32:26 - INF - post - ('Token válido: False',)
01:32:26 - INF - post - ('Token válido: False',)
01:32:27 - INF - post - ('Ejecutando servicio de validación de token',)
01:32:27 - INF - post - ('Ejecutando servicio de validación de token',)
01:32:27 - INF - post - ('Token recibido: undefined',)
01:32:27 - INF - post - ('Token recibido: undefined',)
01:32:27 - INF - TokenValidate - ('Error al validar el token',)
01:32:27 - INF - TokenValidate - ('Error al validar el token',)
01:32:27 - INF - post - ('Token válido: False',)
01:32:27 - INF - post - ('Token válido: False',)
01:32:41 - INF - post - ('Ejecutando servicio de validación de token',)
01:32:41 - INF - post - ('Token recibido: undefined',)
01:32:41 - INF - TokenValidate - ('Error al validar el token',)
01:32:41 - INF - post - ('Token válido: False',)
01:32:41 - INF - post - ('Ejecutando servicio de validación de token',)
01:32:41 - INF - post - ('Token recibido: undefined',)
01:32:41 - INF - TokenValidate - ('Error al validar el token',)
01:32:41 - INF - post - ('Token válido: False',)
01:32:57 - INF - post - ('Ejecutando servicio de validación de token',)
01:32:57 - INF - post - ('Token recibido: undefined',)
01:32:57 - INF - post - ('Ejecutando servicio de validación de token',)
01:32:57 - INF - TokenValidate - ('Error al validar el token',)
01:32:57 - INF - post - ('Token recibido: undefined',)
01:32:57 - INF - TokenValidate - ('Error al validar el token',)
01:32:57 - INF - post - ('Token válido: False',)
01:32:57 - INF - post - ('Token válido: False',)
01:32:57 - INF - post - ('Ejecutando servicio de validación de token',)
01:32:57 - INF - post - ('Token recibido: undefined',)
01:32:57 - INF - TokenValidate - ('Error al validar el token',)
01:32:57 - INF - post - ('Token válido: False',)
01:33:13 - INF - post - ('Ejecutando servicio de Login',)
01:33:27 - INF - post - ('Ejecutando servicio de validación de token',)
01:33:27 - INF - post - ('Token recibido: undefined',)
01:33:27 - INF - TokenValidate - ('Error al validar el token',)
01:33:27 - INF - post - ('Token válido: False',)
01:33:44 - INF - post - ('Ejecutando servicio de validación de token',)
01:33:44 - INF - post - ('Ejecutando servicio de validación de token',)
01:34:12 - INF - post - ('Ejecutando servicio de Login',)
01:34:24 - INF - post - ('Ejecutando servicio de validación de token',)
01:34:28 - INF - post - ('Ejecutando servicio de Login',)
01:35:00 - INF - post - ('Ejecutando servicio de validación de token',)
01:36:08 - INF - post - ('Ejecutando servicio de Login',)
01:36:48 - INF - post - ('Ejecutando servicio de validación de token',)
01:36:52 - INF - post - ('Ejecutando servicio de Login',)
01:36:57 - INF - post - ('Ejecutando servicio de Login',)
01:37:20 - INF - post - ('Ejecutando servicio de validación de token',)
01:37:34 - INF - post - ('Ejecutando servicio de Login',)
01:37:34 - INF - post - ('Ejecutando servicio de Login',)
01:37:56 - INF - post - ('Ejecutando servicio de validación de token',)
01:38:01 - INF - post - ('Ejecutando servicio de Login',)
01:38:58 - INF - post - ('Ejecutando servicio de validación de token',)
01:39:20 - INF - post - ('Ejecutando servicio de Login',)
01:39:28 - INF - post - ('Ejecutando servicio de validación de token',)
01:39:50 - INF - post - ('Ejecutando servicio de Login',)
01:39:55 - INF - post - ('Ejecutando servicio de validación de token',)
01:40:09 - INF - post - ('Ejecutando servicio de Login',)
01:40:18 - INF - post - ('Ejecutando servicio de validación de token',)
01:40:34 - INF - post - ('Ejecutando servicio de Login',)
01:40:37 - INF - post - ('Ejecutando servicio de validación de token',)
01:40:37 - INF - post - ('Ejecutando servicio de validación de token',)
01:41:21 - INF - post - ('Ejecutando servicio de validación de token',)
01:41:21 - INF - post - ('Token recibido: undefined',)
01:41:21 - INF - TokenValidate - ('Error al validar el token',)
01:41:21 - INF - post - ('Token válido: False',)
01:41:26 - INF - post - ('Ejecutando servicio de Login',)
01:42:21 - INF - post - ('Ejecutando servicio de validación de token',)
01:42:30 - INF - post - ('Ejecutando servicio de validación de token',)
01:42:30 - INF - post - ('Ejecutando servicio de validación de token',)
01:42:32 - INF - post - ('Ejecutando servicio de Login',)
01:44:13 - INF - post - ('Ejecutando servicio de Login',)
01:44:13 - INF - post - ('Ejecutando servicio de validación de token',)
01:44:13 - INF - post - ('Token recibido: eyJhbGciOiJIUzI1NiIsInR5cCI6IkpXVCJ9.eyJpYXQiOjE3MjIzMjE4NTMsImV4cCI6MTcyMjMyNTQ1MywidXNlcm5hbWUiOiJzZXJnaW8uZ3VlcnJhIiwicGFzcyI6InNlcmdpb3Bhc3N3b3JkIn0.AGVN4xqNn7O-9Aa7B2M3WSZ0GjH1wyABNNqwmZ2Hc0Y',)
01:44:13 - INF - post - ('Token válido: True',)
01:44:13 - INF - post - ('Ejecutando servicio de Login',)
01:44:13 - INF - post - ('Ejecutando servicio de validación de token',)
01:44:13 - INF - post - ('Token recibido: eyJhbGciOiJIUzI1NiIsInR5cCI6IkpXVCJ9.eyJpYXQiOjE3MjIzMjE4NTMsImV4cCI6MTcyMjMyNTQ1MywidXNlcm5hbWUiOiJzZXJnaW8uZ3VlcnJhIiwicGFzcyI6InNlcmdpb3Bhc3N3b3JkIn0.AGVN4xqNn7O-9Aa7B2M3WSZ0GjH1wyABNNqwmZ2Hc0Y',)
01:44:13 - INF - post - ('Token válido: True',)
01:45:18 - INF - post - ('Ejecutando servicio de Login',)
01:45:18 - INF - post - ('Ejecutando servicio de validación de token',)
01:45:18 - INF - post - ('Token recibido: eyJhbGciOiJIUzI1NiIsInR5cCI6IkpXVCJ9.eyJpYXQiOjE3MjIzMjE5MTgsImV4cCI6MTcyMjMyNTUxOCwidXNlcm5hbWUiOiJzZXJnaW8uZ3VlcnJhIiwicGFzcyI6InNlcmdpb3Bhc3N3b3JkIn0.02CWHIhXvF4jTKad6fOXBsuDXrWDj1_V3Gdk1cdg0B0',)
01:45:18 - INF - post - ('Token válido: True',)
01:45:18 - INF - post - ('Ejecutando servicio de Login',)
01:45:18 - INF - post - ('Ejecutando servicio de validación de token',)
01:45:18 - INF - post - ('Token recibido: eyJhbGciOiJIUzI1NiIsInR5cCI6IkpXVCJ9.eyJpYXQiOjE3MjIzMjE5MTgsImV4cCI6MTcyMjMyNTUxOCwidXNlcm5hbWUiOiJzZXJnaW8uZ3VlcnJhIiwicGFzcyI6InNlcmdpb3Bhc3N3b3JkIn0.02CWHIhXvF4jTKad6fOXBsuDXrWDj1_V3Gdk1cdg0B0',)
01:45:18 - INF - post - ('Token válido: True',)
01:45:26 - INF - post - ('Ejecutando servicio de Login',)
01:45:26 - INF - post - ('Ejecutando servicio de validación de token',)
01:45:26 - INF - post - ('Token recibido: eyJhbGciOiJIUzI1NiIsInR5cCI6IkpXVCJ9.eyJpYXQiOjE3MjIzMjE5MjYsImV4cCI6MTcyMjMyNTUyNiwidXNlcm5hbWUiOiJzZXJnaW8uZ3VlcnJhIiwicGFzcyI6InNlcmdpb3Bhc3N3b3JkIn0.h9g4ECV7rMtCM6AuDSjU-bKQq6PzDD8B7TB4mOxaRcY',)
01:45:26 - INF - post - ('Token válido: True',)
01:45:26 - INF - post - ('Ejecutando servicio de Login',)
01:45:26 - INF - post - ('Ejecutando servicio de validación de token',)
01:45:26 - INF - post - ('Token recibido: eyJhbGciOiJIUzI1NiIsInR5cCI6IkpXVCJ9.eyJpYXQiOjE3MjIzMjE5MjYsImV4cCI6MTcyMjMyNTUyNiwidXNlcm5hbWUiOiJzZXJnaW8uZ3VlcnJhIiwicGFzcyI6InNlcmdpb3Bhc3N3b3JkIn0.h9g4ECV7rMtCM6AuDSjU-bKQq6PzDD8B7TB4mOxaRcY',)
01:45:26 - INF - post - ('Token válido: True',)
01:46:13 - INF - post - ('Ejecutando servicio de validación de token',)
01:46:13 - INF - post - ('Token recibido: eyJhbGciOiJIUzI1NiIsInR5cCI6IkpXVCJ9.eyJpYXQiOjE3MjIzMjE5MjYsImV4cCI6MTcyMjMyNTUyNiwidXNlcm5hbWUiOiJzZXJnaW8uZ3VlcnJhIiwicGFzcyI6InNlcmdpb3Bhc3N3b3JkIn0.h9g4ECV7rMtCM6AuDSjU-bKQq6PzDD8B7TB4mOxaRcY',)
01:46:13 - INF - post - ('Token válido: True',)
01:46:13 - INF - post - ('Ejecutando servicio de validación de token',)
01:46:13 - INF - post - ('Token recibido: eyJhbGciOiJIUzI1NiIsInR5cCI6IkpXVCJ9.eyJpYXQiOjE3MjIzMjE5MjYsImV4cCI6MTcyMjMyNTUyNiwidXNlcm5hbWUiOiJzZXJnaW8uZ3VlcnJhIiwicGFzcyI6InNlcmdpb3Bhc3N3b3JkIn0.h9g4ECV7rMtCM6AuDSjU-bKQq6PzDD8B7TB4mOxaRcY',)
01:46:13 - INF - post - ('Token válido: True',)
01:46:17 - INF - post - ('Ejecutando servicio de validación de token',)
01:46:17 - INF - post - ('Ejecutando servicio de validación de token',)
01:46:17 - INF - post - ('Token recibido: eyJhbGciOiJIUzI1NiIsInR5cCI6IkpXVCJ9.eyJpYXQiOjE3MjIzMjE5MjYsImV4cCI6MTcyMjMyNTUyNiwidXNlcm5hbWUiOiJzZXJnaW8uZ3VlcnJhIiwicGFzcyI6InNlcmdpb3Bhc3N3b3JkIn0.h9g4ECV7rMtCM6AuDSjU-bKQq6PzDD8B7TB4mOxaRcY',)
01:46:17 - INF - post - ('Token válido: True',)
01:46:17 - INF - post - ('Token recibido: eyJhbGciOiJIUzI1NiIsInR5cCI6IkpXVCJ9.eyJpYXQiOjE3MjIzMjE5MjYsImV4cCI6MTcyMjMyNTUyNiwidXNlcm5hbWUiOiJzZXJnaW8uZ3VlcnJhIiwicGFzcyI6InNlcmdpb3Bhc3N3b3JkIn0.h9g4ECV7rMtCM6AuDSjU-bKQq6PzDD8B7TB4mOxaRcY',)
01:46:17 - INF - post - ('Token válido: True',)
01:46:20 - INF - post - ('Ejecutando servicio de validación de token',)
01:46:20 - INF - post - ('Token recibido: eyJhbGciOiJIUzI1NiIsInR5cCI6IkpXVCJ9.eyJpYXQiOjE3MjIzMjE5MjYsImV4cCI6MTcyMjMyNTUyNiwidXNlcm5hbWUiOiJzZXJnaW8uZ3VlcnJhIiwicGFzcyI6InNlcmdpb3Bhc3N3b3JkIn0.h9g4ECV7rMtCM6AuDSjU-bKQq6PzDD8B7TB4mOxaRcY',)
01:46:20 - INF - post - ('Token recibido: eyJhbGciOiJIUzI1NiIsInR5cCI6IkpXVCJ9.eyJpYXQiOjE3MjIzMjE5MjYsImV4cCI6MTcyMjMyNTUyNiwidXNlcm5hbWUiOiJzZXJnaW8uZ3VlcnJhIiwicGFzcyI6InNlcmdpb3Bhc3N3b3JkIn0.h9g4ECV7rMtCM6AuDSjU-bKQq6PzDD8B7TB4mOxaRcY',)
01:46:20 - INF - post - ('Token válido: True',)
01:46:20 - INF - post - ('Token válido: True',)
01:46:35 - INF - post - ('Ejecutando servicio de Login',)
01:46:35 - INF - post - ('Ejecutando servicio de validación de token',)
01:46:35 - INF - post - ('Token recibido: eyJhbGciOiJIUzI1NiIsInR5cCI6IkpXVCJ9.eyJpYXQiOjE3MjIzMjE5OTUsImV4cCI6MTcyMjMyNTU5NSwidXNlcm5hbWUiOiJzZXJnaW8uZ3VlcnJhIiwicGFzcyI6InNlcmdpb3Bhc3N3b3JkIn0.PLxfhkJeoZO68AMU7oOTotlvbAzc58tQegUSndaY5AU',)
01:46:35 - INF - post - ('Token válido: True',)
01:46:35 - INF - post - ('Ejecutando servicio de Login',)
01:46:35 - INF - post - ('Ejecutando servicio de validación de token',)
01:46:35 - INF - post - ('Token recibido: eyJhbGciOiJIUzI1NiIsInR5cCI6IkpXVCJ9.eyJpYXQiOjE3MjIzMjE5OTUsImV4cCI6MTcyMjMyNTU5NSwidXNlcm5hbWUiOiJzZXJnaW8uZ3VlcnJhIiwicGFzcyI6InNlcmdpb3Bhc3N3b3JkIn0.PLxfhkJeoZO68AMU7oOTotlvbAzc58tQegUSndaY5AU',)
01:46:35 - INF - post - ('Token válido: True',)
01:46:41 - INF - post - ('Ejecutando servicio de validación de token',)
01:46:41 - INF - post - ('Token recibido: eyJhbGciOiJIUzI1NiIsInR5cCI6IkpXVCJ9.eyJpYXQiOjE3MjIzMjE5OTUsImV4cCI6MTcyMjMyNTU5NSwidXNlcm5hbWUiOiJzZXJnaW8uZ3VlcnJhIiwicGFzcyI6InNlcmdpb3Bhc3N3b3JkIn0.PLxfhkJeoZO68AMU7oOTotlvbAzc58tQegUSndaY5AU',)
01:46:41 - INF - post - ('Token válido: True',)
01:46:41 - INF - post - ('Ejecutando servicio de validación de token',)
01:46:41 - INF - post - ('Token recibido: eyJhbGciOiJIUzI1NiIsInR5cCI6IkpXVCJ9.eyJpYXQiOjE3MjIzMjE5OTUsImV4cCI6MTcyMjMyNTU5NSwidXNlcm5hbWUiOiJzZXJnaW8uZ3VlcnJhIiwicGFzcyI6InNlcmdpb3Bhc3N3b3JkIn0.PLxfhkJeoZO68AMU7oOTotlvbAzc58tQegUSndaY5AU',)
01:46:41 - INF - post - ('Token válido: True',)
01:53:15 - INF - <module> - ('Servicio Finalizado',)
01:53:16 - INF - <module> - ('Servicio Finalizado',)
